Starting Single Run, Sweeps and Corners...

Current time: Fri Aug  1 16:19:29 2025 
Best design point: 1
Design specs: 
	Practice:6TSRAM:1	corner	C0v_0 - 
	Practice:6TSRAM:1	corner	C0v_1 - 
	Practice:6TSRAM:1	corner	C0v_2 - 
	Practice:6TSRAM:1	corner	C0v_3 - 
	Practice:6TSRAM:1	corner	C0v_4 - 
	Practice:6TSRAM:1	corner	C0v_5 - 
	Practice:6TSRAM:1	corner	C0v_6 - 
	Practice:6TSRAM:1	corner	C0v_7 - 
	Practice:6TSRAM:1	corner	Nominal - 
Design parameters: 
	vdd		1.8

Interactive.2
Number of points completed: 1
Number of simulation errors: 8
Interactive.2 completed. 
Current time: Fri Aug  1 16:19:48 2025 
